app/build/intermediates/manifest_merge_blame_file/debug/manifest-merger-blame-debug-report.txt
1<?xml version="1.0" encoding="utf-8"?>
2<manifest xmlns:android="http://schemas.android.com/apk/res/android"
3    package="com.bkara.poilabs"
4    android:versionCode="1"
5    android:versionName="1.0" >
6
7    <uses-sdk
8        android:minSdkVersion="19"
8-->src\main\AndroidManifest.xml
9        android:targetSdkVersion="25" />
9-->src\main\AndroidManifest.xml
10
11    <uses-permission android:name="android.permission.INTERNET" />
11-->src\main\AndroidManifest.xml:5:5-66
11-->src\main\AndroidManifest.xml:5:22-64
12
13    <meta-data
13-->[com.android.support:design:25.3.1] AndroidManifest.xml:25:5-27:34
14        android:name="android.support.VERSION"
14-->[com.android.support:design:25.3.1] AndroidManifest.xml:26:9-47
15        android:value="25.3.1" />
15-->[com.android.support:design:25.3.1] AndroidManifest.xml:27:9-31
16
17    <application
17-->src\main\AndroidManifest.xml:7:5-34:19
18        android:name="com.bkara.poilabs.classes.App"
18-->src\main\AndroidManifest.xml:8:9-53
19        android:allowBackup="true"
19-->src\main\AndroidManifest.xml:9:9-35
20        android:debuggable="true"
21        android:icon="@drawable/kickstarter_logo"
21-->src\main\AndroidManifest.xml:10:9-50
22        android:label="@string/app_name"
22-->src\main\AndroidManifest.xml:11:9-41
23        android:roundIcon="@drawable/kickstarter_logo"
23-->src\main\AndroidManifest.xml:12:9-55
24        android:supportsRtl="true"
24-->src\main\AndroidManifest.xml:13:9-35
25        android:testOnly="true"
26        android:theme="@style/AppTheme" >
26-->src\main\AndroidManifest.xml:14:9-40
27        <activity android:name="com.bkara.poilabs.classes.MainActivity" >
27-->src\main\AndroidManifest.xml:15:9-21:20
27-->src\main\AndroidManifest.xml:15:19-72
28            <intent-filter>
28-->src\main\AndroidManifest.xml:16:13-20:29
29                <action android:name="android.intent.action.MAIN" />
29-->src\main\AndroidManifest.xml:17:17-68
29-->src\main\AndroidManifest.xml:17:25-66
30
31                <category android:name="android.intent.category.LAUNCHER" />
31-->src\main\AndroidManifest.xml:19:17-76
31-->src\main\AndroidManifest.xml:19:27-74
32            </intent-filter>
33        </activity>
34        <activity
34-->src\main\AndroidManifest.xml:22:9-24:46
35            android:name="com.bkara.poilabs.classes.ProjectInfo"
35-->src\main\AndroidManifest.xml:23:13-65
36            android:label="@string/details" />
36-->src\main\AndroidManifest.xml:24:13-44
37
38        <provider
38-->src\main\AndroidManifest.xml:26:9-30:38
39            android:name="com.bkara.poilabs.classes.ProjectInfoSender"
39-->src\main\AndroidManifest.xml:27:13-71
40            android:authorities="com.bkara.poilabs"
40-->src\main\AndroidManifest.xml:28:13-52
41            android:exported="false"
41-->src\main\AndroidManifest.xml:29:13-37
42            android:syncable="true" />
42-->src\main\AndroidManifest.xml:30:13-36
43
44        <activity android:name="com.bkara.poilabs.classes.Projects" >
44-->src\main\AndroidManifest.xml:32:9-33:20
44-->src\main\AndroidManifest.xml:32:19-68
45        </activity>
46    </application>
47
48</manifest>